[18:29:46] [main/INFO]: Setting user: AestroFidelium
[18:29:48] [Client thread/INFO]: LWJGL Version: 2.9.1
[18:30:00] [Client thread/INFO]: Reloading ResourceManager: Default, FMLFileResourcePack:Forge Mod Loader, FMLFileResourcePack:Minecraft Forge, FMLFileResourcePack:Not Enough Items, FMLFileResourcePack:DivineRPG, FMLFileResourcePack:Damage Indicators, FMLFileResourcePack:Advanced Lightsabers Mod, FMLFileResourcePack:Applied Energistics 2, FMLFileResourcePack:Avaritia, FMLFileResourcePack:Botania, FMLFileResourcePack:Brandon's Core, FMLFileResourcePack:CoFH Core, FMLFileResourcePack:MineTweaker 3, FMLFileResourcePack:Draconic Evolution, FMLFileResourcePack:EnderCore, FMLFileResourcePack:Ender IO, FMLFileResourcePack:Extra Planets, FMLFileResourcePack:Forbidden Magic, FMLFileResourcePack:Galacticraft Planets, FMLFileResourcePack:Galacticraft Core, FMLFileResourcePack:iChunUtil, FMLFileResourcePack:IndustrialCraft 2, FMLFileResourcePack:JourneyMap, FMLFileResourcePack:ProjectE, FMLFileResourcePack:Random Things, FMLFileResourcePack:RFTools, FMLFileResourcePack:Advanced Solar Panels, FMLFileResourcePack:Super Solar Panel, FMLFileResourcePack:Tainted Magic, FMLFileResourcePack:Thaumcraft, FMLFileResourcePack:Thaumic Equivalence, FMLFileResourcePack:Thaumic Tinkerer, FMLFileResourcePack:Thermal Dynamics, FMLFileResourcePack:Thermal Expansion, FMLFileResourcePack:Thermal Foundation, FMLFileResourcePack:TLSkinCape, FMLFileResourcePack:Wireless Solar Panels Mod, FMLFileResourcePack:Witchery, FMLFileResourcePack:Baubles
[18:30:16] [Sound Library Loader/INFO]: Sound engine started
[18:30:18] [Client thread/INFO]: Created: 16x16 textures/blocks-atlas
[18:30:18] [Client thread/INFO]: Created: 16x16 textures/items-atlas
[18:30:29] [Client thread/INFO]: Reloading ResourceManager: Default, FMLFileResourcePack:Forge Mod Loader, FMLFileResourcePack:Minecraft Forge, FMLFileResourcePack:Not Enough Items, FMLFileResourcePack:DivineRPG, FMLFileResourcePack:Damage Indicators, FMLFileResourcePack:Advanced Lightsabers Mod, FMLFileResourcePack:Applied Energistics 2, FMLFileResourcePack:Avaritia, FMLFileResourcePack:Botania, FMLFileResourcePack:Brandon's Core, FMLFileResourcePack:CoFH Core, FMLFileResourcePack:MineTweaker 3, FMLFileResourcePack:Draconic Evolution, FMLFileResourcePack:EnderCore, FMLFileResourcePack:Ender IO, FMLFileResourcePack:Extra Planets, FMLFileResourcePack:Forbidden Magic, FMLFileResourcePack:Galacticraft Planets, FMLFileResourcePack:Galacticraft Core, FMLFileResourcePack:iChunUtil, FMLFileResourcePack:IndustrialCraft 2, FMLFileResourcePack:JourneyMap, FMLFileResourcePack:ProjectE, FMLFileResourcePack:Random Things, FMLFileResourcePack:RFTools, FMLFileResourcePack:Advanced Solar Panels, FMLFileResourcePack:Super Solar Panel, FMLFileResourcePack:Tainted Magic, FMLFileResourcePack:Thaumcraft, FMLFileResourcePack:Thaumic Equivalence, FMLFileResourcePack:Thaumic Tinkerer, FMLFileResourcePack:Thermal Dynamics, FMLFileResourcePack:Thermal Expansion, FMLFileResourcePack:Thermal Foundation, FMLFileResourcePack:TLSkinCape, FMLFileResourcePack:Wireless Solar Panels Mod, FMLFileResourcePack:Witchery, FMLFileResourcePack:Baubles, resources
[18:30:30] [Client thread/ERROR]: Using missing texture, unable to load ttinkerer:textures/blocks/repairer.png, java.io.FileNotFoundException
[18:30:30] [Client thread/ERROR]: Using missing texture, unable to load ttinkerer:textures/blocks/magnet.png, java.io.FileNotFoundException
[18:30:30] [Client thread/ERROR]: Using missing texture, unable to load minecraft:textures/blocks/MISSING_ICON_BLOCK_1679_null.png, java.io.FileNotFoundException
[18:30:31] [Client thread/ERROR]: Using missing texture, unable to load divinerpg:textures/blocks/ayeracoSpawn.png, java.io.FileNotFoundException
[18:30:31] [Client thread/ERROR]: Using missing texture, unable to load divinerpg:textures/blocks/firewoodLeaves_fast.png, java.io.FileNotFoundException
[18:30:31] [Client thread/ERROR]: Using missing texture, unable to load divinerpg:textures/blocks/apalachiaRails_powered.png, java.io.FileNotFoundException
[18:30:31] [Client thread/ERROR]: Using missing texture, unable to load botania:textures/blocks/alt/clayconiaChibi.png, java.io.FileNotFoundException
[18:30:31] [Client thread/ERROR]: Using missing texture, unable to load divinerpg:textures/blocks/arcaniteRails_powered.png, java.io.FileNotFoundException
[18:30:31] [Client thread/ERROR]: Using missing texture, unable to load minecraft:textures/blocks/MISSING_ICON_BLOCK_1669_proxyBlock.png, java.io.FileNotFoundException
[18:30:31] [Client thread/ERROR]: Using missing texture, unable to load divinerpg:textures/blocks/hyrewoodLeaves_fast.png, java.io.FileNotFoundException
[18:30:31] [Client thread/ERROR]: Using missing texture, unable to load divinerpg:textures/blocks/dreamwoodLeaves_fast.png, java.io.FileNotFoundException
[18:30:31] [Client thread/ERROR]: Using missing texture, unable to load divinerpg:textures/blocks/mintwoodLeaves_fast.png, java.io.FileNotFoundException
[18:30:32] [Client thread/INFO]: Created: 2048x2048 textures/blocks-atlas
[18:30:32] [Client thread/ERROR]: Using missing texture, unable to load minecraft:textures/items/MISSING_ICON_ITEM_6191_focusFlight.png, java.io.FileNotFoundException
[18:30:32] [Client thread/ERROR]: Using missing texture, unable to load minecraft:textures/items/MISSING_ICON_ITEM_6189_focusDeflect.png, java.io.FileNotFoundException
[18:30:32] [Client thread/ERROR]: Using missing texture, unable to load minecraft:textures/items/MISSING_ICON_ITEM_6193_focusHeal.png, java.io.FileNotFoundException
[18:30:32] [Client thread/ERROR]: Using missing texture, unable to load ttinkerer:textures/items/ichorShovelGem.png, java.io.FileNotFoundException
[18:30:32] [Client thread/ERROR]: Using missing texture, unable to load draconicevolution:textures/items/chaosFragment.png, java.io.FileNotFoundException
[18:30:32] [Client thread/ERROR]: Using missing texture, unable to load minecraft:textures/items/MISSING_ICON_ITEM_6074_ItemKatana.png, java.io.FileNotFoundException
[18:30:32] [Client thread/ERROR]: Using missing texture, unable to load minecraft:textures/items/MISSING_ICON_ITEM_6195_focusDislocation.png, java.io.FileNotFoundException
[18:30:32] [Client thread/ERROR]: Using missing texture, unable to load galacticraftmars:textures/items/key_T9.png, java.io.FileNotFoundException
[18:30:32] [Client thread/ERROR]: Using missing texture, unable to load galacticraftmars:textures/items/key_T8.png, java.io.FileNotFoundException
[18:30:32] [Client thread/ERROR]: Using missing texture, unable to load galacticraftmars:textures/items/key_T7.png, java.io.FileNotFoundException
[18:30:32] [Client thread/ERROR]: Using missing texture, unable to load galacticraftmars:textures/items/key_T6.png, java.io.FileNotFoundException
[18:30:32] [Client thread/ERROR]: Using missing texture, unable to load galacticraftmars:textures/items/key_T5.png, java.io.FileNotFoundException
[18:30:32] [Client thread/ERROR]: Using missing texture, unable to load galacticraftmars:textures/items/key_T4.png, java.io.FileNotFoundException
[18:30:32] [Client thread/ERROR]: Using missing texture, unable to load minecraft:textures/items/MISSING_ICON_ITEM_6211_focusRecall.png, java.io.FileNotFoundException
[18:30:32] [Client thread/ERROR]: Using missing texture, unable to load ttinkerer:textures/items/ichorSwordGem.png, java.io.FileNotFoundException
[18:30:32] [Client thread/ERROR]: Using missing texture, unable to load ttinkerer:textures/items/ichorAxeGem.png, java.io.FileNotFoundException
[18:30:33] [Client thread/ERROR]: Using missing texture, unable to load ttinkerer:textures/items/ichorPickGem.png, java.io.FileNotFoundException
[18:30:33] [Client thread/ERROR]: Using missing texture, unable to load minecraft:textures/items/MISSING_ICON_ITEM_6204_focusEnderChest.png, java.io.FileNotFoundException
[18:30:33] [Client thread/ERROR]: Using missing texture, unable to load minecraft:textures/items/MISSING_ICON_ITEM_6196_focusTelekinesis.png, java.io.FileNotFoundException
[18:30:33] [Client thread/ERROR]: Using missing texture, unable to load minecraft:textures/items/MISSING_ICON_ITEM_6217_focusXPDrain.png, java.io.FileNotFoundException
[18:30:33] [Client thread/ERROR]: Using missing texture, unable to load ttinkerer:textures/items/mobAspect.png, java.io.FileNotFoundException
[18:30:33] [Client thread/ERROR]: Using missing texture, unable to load galacticraftmars:textures/items/key_T10.png, java.io.FileNotFoundException
[18:30:33] [Client thread/ERROR]: Using missing texture, unable to load minecraft:textures/items/MISSING_ICON_ITEM_6194_focusSmelt.png, java.io.FileNotFoundException
[18:30:33] [Client thread/ERROR]: Using missing texture, unable to load minecraft:textures/items/MISSING_ICON_ITEM_6200_focusShadowbeam.png, java.io.FileNotFoundException
[18:30:33] [Client thread/ERROR]: Using missing texture, unable to load minecraft:textures/items/MISSING_ICON_BLOCK_893_gaiaHeadBlock_skeleton.png, java.io.FileNotFoundException
[18:30:33] [Client thread/INFO]: Created: 2048x1024 textures/items-atlas
[18:30:34] [Sound Library Loader/INFO]: Sound engine started
[18:33:33] [Client thread/INFO]: Connecting to whitetailedtropicbird.aternos.host., 57946
[18:33:36] [Client thread/INFO]: [CHAT] §bThank you AestroFidelium for downloading and playing §aDivineRPG!
[18:33:36] [Client thread/INFO]: [CHAT] ERROR: main.zs:60: Could not resolve <MagicBees : miscResources : 5>
[18:33:36] [Client thread/INFO]: [CHAT] ERROR: Error executing main.zs: null
[18:33:36] [Client thread/INFO]: [CHAT] Damage Indicators was unable to check for updates!
[18:33:42] [Client thread/INFO]: [CHAT] §eJourneyMap:§f Íàæìèòå [§bJ§f].
[18:33:57] [Client thread/INFO]: [CHAT] §d[Draconic Evolution]§r New version available:
[18:33:57] [Client thread/INFO]: [CHAT] §aDraconic Evolution v1.0.2
[18:33:57] [Client thread/INFO]: [CHAT] More bug fixes! Hopefully fixed the chaos guardian issues once and for all...
[18:36:47] [Client thread/INFO]: [CHAT] ERROR: main.zs:60: Could not resolve <MagicBees : miscResources : 5>
[18:36:47] [Client thread/INFO]: [CHAT] ERROR: Error executing main.zs: null
